[Before Adjust] Score: 0.038014    Percentile: 0.2604
[~After Adjust] Score: 0.039682    Percentile: 0.1207

In:116	 Out:61	 Adjust:129	

>> Turnover:    
 Buy in  0.4123   Adjust 0.0027   Total 0.4150

>> market_value:
 Before  0.7840   After 0.7628   Target 0.8000   Δ -0.0372 

>> trend:
 Before  0.6159   After 0.5814   Target 0.8000   Δ -0.2186 

>> holders:
 Before  0.7274   After 0.6898   Target 0.8000   Δ -0.1102 

>> sector:

              before     after    target         Δ
sector                                           
801080.SI  0.110066  0.127885  0.068116  0.059769
801050.SI  0.078530  0.070076  0.040184  0.029893
801790.SI  0.012024  0.043505  0.024875  0.018629
801780.SI  0.000000  0.024675  0.007659  0.017015
...             ...       ...       ...       ...
801200.SI  0.011622  0.014728  0.031879 -0.017150
801180.SI  0.040183  0.038944  0.057571 -0.018627
801170.SI  0.015564  0.018962  0.038993 -0.020031
801040.SI  0.001627  0.001373  0.023442 -0.022069

[28 rows x 4 columns]


New buy in:

  002049   0% -> 0.67%      |     600580   0% -> 0.19% *    |     601607   0% -> 0.66%  
  000519   0% -> 0.45% *    |     600587   0% -> 0.22% *    |     000016   0% -> 0.23% *
  600594   0% -> 0.35% *    |     601619   0% -> 0.50% *    |     601108   0% -> 0.68%  
  300054   0% -> 0.24% *    |     601111   0% -> 0.62%      |     601116   0% -> 0.24% *
  000543   0% -> 0.26% *    |     600096   0% -> 0.11% *    |     002595   0% -> 0.10% *
  603688   0% -> 0.11% *    |     300073   0% -> 0.61% *    |     002091   0% -> 0.19% *
  000555   0% -> 0.60% *    |     002093   0% -> 0.19% *    |     002609   0% -> 0.29% *
  600114   0% -> 0.22% *    |     300595   0% -> 0.52% *    |     603198   0% -> 0.14% *
  600138   0% -> 0.24% *    |     002635   0% -> 0.50% *    |     002126   0% -> 0.25% *
  600655   0% -> 0.20% *    |     601166   0% -> 0.68%      |     000596   0% -> 0.52% *
  300630   0% -> 0.18% *    |     601688   0% -> 0.64%      |     300122   0% -> 0.65%  
  600161   0% -> 0.47% *    |     002146   0% -> 0.63%      |     002662   0% -> 0.33% *
  002156   0% -> 0.43% *    |     000623   0% -> 0.35% *    |     002161   0% -> 0.50% *
  600179   0% -> 0.19% *    |     000627   0% -> 0.30% *    |     601211   0% -> 0.63%  
  300156   0% -> 0.50% *    |     600704   0% -> 0.28% *    |     600195   0% -> 0.16% *
  002180   0% -> 0.20% *    |     300679   0% -> 0.21% *    |     600206   0% -> 0.38% *
  002191   0% -> 0.25% *    |     600718   0% -> 0.44% *    |     601233   0% -> 0.65%  
  002707   0% -> 0.13% *    |     002709   0% -> 0.40% *    |     300203   0% -> 0.43% *
  000685   0% -> 0.18% *    |     002736   0% -> 0.42% *    |     603833   0% -> 0.31% *
  300222   0% -> 0.27% *    |     603328   0% -> 0.20% *    |     002244   0% -> 0.19% *
  601799   0% -> 0.12% *    |     002250   0% -> 0.24% *    |     300242   0% -> 0.26% *
  600276   0% -> 0.62%      |     002266   0% -> 0.26% *    |     300251   0% -> 0.66%  
  601818   0% -> 0.63%      |     600285   0% -> 0.11% *    |     002278   0% -> 0.17% *
  603369   0% -> 0.36% *    |     000750   0% -> 0.63%      |     002287   0% -> 0.13% *
  600816   0% -> 0.67%      |     300273   0% -> 0.32% *    |     002292   0% -> 0.36% *
  000758   0% -> 0.17% *    |     000768   0% -> 0.62%      |     300296   0% -> 0.65%  
  601360   0% -> 0.65% *    |     600337   0% -> 0.11% *    |     000795   0% -> 0.16% *
  000801   0% -> 0.14% *    |     600354   0% -> 0.12% *    |     000810   0% -> 0.20% *
  002373   0% -> 0.28% *    |     300359   0% -> 0.27% *    |     300364   0% -> 0.38% *
  603986   0% -> 0.64%      |     300376   0% -> 0.18% *    |     600926   0% -> 0.50% *
  603998   0% -> 0.16% *    |     002402   0% -> 0.25% *    |     600420   0% -> 0.17% *
  300409   0% -> 0.50% *    |     600959   0% -> 0.20% *    |     300418   0% -> 0.65%  
  300431   0% -> 0.50% *    |     300432   0% -> 0.10% *    |     000918   0% -> 0.37% *
  300439   0% -> 0.11% *    |     600483   0% -> 0.26% *    |     300465   0% -> 0.40% *
  600497   0% -> 0.38% *    |     600000   0% -> 0.66%      |     603588   0% -> 0.11% *
  000970   0% -> 0.36% *    |     000980   0% -> 0.28% *    |     600535   0% -> 0.46% *
  000988   0% -> 0.64% *    |     300002   0% -> 0.31% *    |     600552   0% -> 0.12% *
  300014   0% -> 0.59% *    |     600048   0% -> 0.64%      |     300529   0% -> 0.29% *
  002036   0% -> 0.17% *    |     600062   0% -> 0.23% *    |   

Sell:

  603008   0.29% -> 0%      |     600066   0.59% -> 0%      |     002308   0.52% -> 0%
  600197   0.80% -> 0%      |     300423   0.34% -> 0%      |     300168   0.81% -> 0%
  000776   0.85% -> 0%      |     603533   0.13% -> 0%      |     002841   0.32% -> 0%
  002589   0.67% -> 0%      |     600350   0.26% -> 0%      |     600094   0.79% -> 0%
  600352   0.82% -> 0%      |     002081   0.45% -> 0%      |     601633   0.60% -> 0%
  300322   0.21% -> 0%      |     002596   0.50% -> 0%      |     600867   0.58% -> 0%
  002340   0.80% -> 0%      |     300323   0.28% -> 0%      |     300326   0.13% -> 0%
  000807   0.80% -> 0%      |     002345   0.23% -> 0%      |     002603   0.40% -> 0%
  002092   0.53% -> 0%      |     300205   0.31% -> 0%      |     600875   0.33% -> 0%
  002095   0.79% -> 0%      |     000423   0.48% -> 0%      |     300457   0.33% -> 0%
  600757   0.20% -> 0%      |     000056   0.49% -> 0%      |     002746   0.50% -> 0%
  000830   0.86% -> 0%      |     002240   0.23% -> 0%      |     002241   0.79% -> 0%
  002115   0.41% -> 0%      |     600771   0.49% -> 0%      |     603589   0.42% -> 0%
  000582   0.24% -> 0%      |     002375   0.39% -> 0%      |     600521   0.95% -> 0%
  600779   0.64% -> 0%      |     600011   0.35% -> 0%      |     000977   0.90% -> 0%
  300115   0.36% -> 0%      |     002643   0.18% -> 0%      |     600790   0.17% -> 0%
  002906   0.13% -> 0%      |     002267   0.36% -> 0%      |     002271   0.59% -> 0%
  300257   0.16% -> 0%      |     002664   0.50% -> 0%      |     300396   0.15% -> 0%
  600690   0.83% -> 0%      |     000885   0.18% -> 0%      |     002294   0.65% -> 0%
  002038   0.83% -> 0%      |     600570   0.89% -> 0%      |     600702   0.51% -> 0%
  000895   0.74% -> 0%      |   

Adjust:

  002563   0.29% -> 0.24%    |   000516   0.30% -> 0.29%    |   002056   0.54% -> 0.56%
  600584   0.79% -> 0.66%    |   300042   0.26% -> 0.23%    |   601611   0.28% -> 0.26%
  002572   0.31% -> 0.30%    |   002065   0.84% -> 0.65%    |   300055   0.22% -> 0.19%
  000027   0.36% -> 0.26%    |   600093   0.24% -> 0.25%    |   002078   0.79% -> 0.65%
  600606   0.84% -> 0.65%    |   000544   0.22% -> 0.17%    |   603678   0.59% -> 0.46%
  600100   0.62% -> 0.49%    |   300070   0.92% -> 0.71%    |   000039   0.35% -> 0.30%
  300072   0.89% -> 0.69%    |   300078   0.51% -> 0.48%    |   300596   0.16% -> 0.15%
  000568   0.79% -> 0.66%    |   000066   0.66% -> 0.59%    |   300098   0.29% -> 0.28%
  601678   0.47% -> 0.32%    |   300110   0.45% -> 0.41%    |   002129   0.94% -> 0.74%
  600668   0.50% -> 0.50%    |   002653   0.15% -> 0.15%    |   600160   0.51% -> 0.45%
  600176   0.88% -> 0.68%    |   000625   0.43% -> 0.39%    |   603766   0.18% -> 0.14%
  600703   0.89% -> 0.64%    |   600196   0.84% -> 0.66%    |   600711   0.81% -> 0.67%
  002185   0.53% -> 0.44%    |   300182   0.58% -> 0.52%    |   603799   0.94% -> 0.73%
  000155   0.21% -> 0.22%    |   000157   0.35% -> 0.31%    |   001696   0.16% -> 0.15%
  600230   0.57% -> 0.49%    |   000681   0.40% -> 0.33%    |   600755   0.78% -> 0.66%
  002230   0.96% -> 0.66%    |   002236   1.01% -> 0.72%    |   600765   0.22% -> 0.17%
  300221   0.32% -> 0.32%    |   002251   0.22% -> 0.18%    |   600271   0.93% -> 0.63%
  600787   0.24% -> 0.22%    |   000739   0.34% -> 0.29%    |   600804   0.83% -> 0.68%
  002280   0.52% -> 0.45%    |   600297   0.42% -> 0.35%    |   600809   0.59% -> 0.50%
  002285   0.43% -> 0.35%    |   600820   0.37% -> 0.33%    |   002293   0.21% -> 0.17%
  000762   0.26% -> 0.24%    |   600315   0.38% -> 0.36%    |   002299   1.02% -> 0.66%
  300284   0.46% -> 0.49%    |   300287   0.50% -> 0.50%    |   300294   0.39% -> 0.34%
  002311   0.21% -> 0.23%    |   300297   0.41% -> 0.38%    |   300298   0.21% -> 0.21%
  600332   0.94% -> 0.66%    |   002318   0.16% -> 0.14%    |   300309   0.11% -> 0.12%
  601369   0.13% -> 0.12%    |   600872   0.54% -> 0.54%    |   600372   0.46% -> 0.49%
  000826   0.45% -> 0.42%    |   600893   0.63% -> 0.55%    |   601919   0.22% -> 0.18%
  600383   0.86% -> 0.53%    |   300355   0.48% -> 0.48%    |   601928   0.28% -> 0.26%
  002378   0.12% -> 0.11%    |   002390   0.21% -> 0.18%    |   603993   0.86% -> 0.67%
  600410   0.64% -> 0.50%    |   300379   0.14% -> 0.15%    |   002405   0.89% -> 0.66%
  000876   0.32% -> 0.30%    |   002414   0.70% -> 0.58%    |   002415   0.84% -> 0.66%
  002428   0.44% -> 0.37%    |   002430   0.23% -> 0.21%    |   000902   0.23% -> 0.27%
  600460   0.79% -> 0.68%    |   000910   0.15% -> 0.17%    |   300433   0.59% -> 0.55%
  000402   0.23% -> 0.17%    |   600978   0.74% -> 0.73%    |   002460   0.89% -> 0.65%
  000413   0.91% -> 0.71%    |   002466   0.84% -> 0.66%    |   300450   0.68% -> 0.59%
  603568   0.21% -> 0.20%    |   600498   0.86% -> 0.63%    |   600499   0.34% -> 0.34%
  601021   0.43% -> 0.40%    |   600511   0.27% -> 0.25%    |   000961   0.37% -> 0.36%
  002497   0.65% -> 0.57%    |   600006   0.21% -> 0.20%    |   600518   0.95% -> 0.75%
  002508   0.81% -> 0.66%    |   600528   0.52% -> 0.44%    |   600529   0.28% -> 0.30%
  300498   0.82% -> 0.67%    |   600021   0.19% -> 0.25%    |   002008   0.91% -> 0.65%
  002009   0.24% -> 0.21%    |   600027   0.40% -> 0.40%    |   300001   0.35% -> 0.31%
  000998   0.42% -> 0.35%    |   002023   0.80% -> 0.67%    |   000488   0.49% -> 0.44%
  000999   0.25% -> 0.21%    |   002027   0.86% -> 0.71%    |   002032   0.22% -> 0.18%
  300017   0.80% -> 0.66%    |   002544   0.24% -> 0.21%    |   002044   0.86% -> 0.71%
